Heap:
 PSYoungGen      total 211968K, used 181920K [0x00000000d5f00000, 0x00000000e9380000, 0x0000000100000000)
  eden space 191488K, 95% used [0x00000000d5f00000,0x00000000e10a8030,0x00000000e1a00000)
  from space 20480K, 0% used [0x00000000e1a00000,0x00000000e1a00000,0x00000000e2e00000)
  to   space 19456K, 0% used [0x00000000e8080000,0x00000000e8080000,0x00000000e9380000)
 ParOldGen       total 120832K, used 36297K [0x0000000081c00000, 0x0000000089200000, 0x00000000d5f00000)
  object space 120832K, 30% used [0x0000000081c00000,0x0000000083f72708,0x0000000089200000)
 Metaspace       used 59995K, capacity 63068K, committed 63320K, reserved 1103872K
  class space    used 7953K, capacity 8489K, committed 8576K, reserved 1048576K
GC Heap History (10 events):
Event: 84.276 GC heap before
{Heap before GC invocations=10 (full 2):
 PSYoungGen      total 159744K, used 13294K [0x00000000d5f00000, 0x00000000e1200000, 0x0000000100000000)
  eden space 146432K, 0% used [0x00000000d5f00000,0x00000000d5f00000,0x00000000dee00000)
  from space 13312K, 99% used [0x00000000dfd80000,0x00000000e0a7bbd8,0x00000000e0a80000)
  to   space 15872K, 0% used [0x00000000dee00000,0x00000000dee00000,0x00000000dfd80000)
 ParOldGen       total 56832K, used 15232K [0x0000000081c00000, 0x0000000085380000, 0x00000000d5f00000)
  object space 56832K, 26% used [0x0000000081c00000,0x0000000082ae0148,0x0000000085380000)
 Metaspace       used 33924K, capacity 35342K, committed 35456K, reserved 1079296K
  class space    used 4424K, capacity 4718K, committed 4736K, reserved 1048576K
Event: 84.465 GC heap after
Heap after GC invocations=10 (full 2):
 PSYoungGen      total 159744K, used 0K [0x00000000d5f00000, 0x00000000e1200000, 0x0000000100000000)
  eden space 146432K, 0% used [0x00000000d5f00000,0x00000000d5f00000,0x00000000dee00000)
  from space 13312K, 0% used [0x00000000dfd80000,0x00000000dfd80000,0x00000000e0a80000)
  to   space 15872K, 0% used [0x00000000dee00000,0x00000000dee00000,0x00000000dfd80000)
 ParOldGen       total 91136K, used 21567K [0x0000000081c00000, 0x0000000087500000, 0x00000000d5f00000)
  object space 91136K, 23% used [0x0000000081c00000,0x000000008310fd28,0x0000000087500000)
 Metaspace       used 33924K, capacity 35342K, committed 35456K, reserved 1079296K
  class space    used 4424K, capacity 4718K, committed 4736K, reserved 1048576K
}
Event: 105.951 GC heap before
{Heap before GC invocations=11 (full 2):
 PSYoungGen      total 159744K, used 146432K [0x00000000d5f00000, 0x00000000e1200000, 0x0000000100000000)
  eden space 146432K, 100% used [0x00000000d5f00000,0x00000000dee00000,0x00000000dee00000)
  from space 13312K, 0% used [0x00000000dfd80000,0x00000000dfd80000,0x00000000e0a80000)
  to   space 15872K, 0% used [0x00000000dee00000,0x00000000dee00000,0x00000000dfd80000)
 ParOldGen       total 91136K, used 21567K [0x0000000081c00000, 0x0000000087500000, 0x00000000d5f00000)
  object space 91136K, 23% used [0x0000000081c00000,0x000000008310fd28,0x0000000087500000)
 Metaspace       used 43032K, capacity 44960K, committed 45056K, reserved 1087488K
  class space    used 5742K, capacity 6103K, committed 6144K, reserved 1048576K
Event: 105.977 GC heap after
Heap after GC invocations=11 (full 2):
 PSYoungGen      total 162304K, used 12097K [0x00000000d5f00000, 0x00000000e3e00000, 0x0000000100000000)
  eden space 146432K, 0% used [0x00000000d5f00000,0x00000000d5f00000,0x00000000dee00000)
  from space 15872K, 76% used [0x00000000dee00000,0x00000000df9d0550,0x00000000dfd80000)
  to   space 16384K, 0% used [0x00000000e2e00000,0x00000000e2e00000,0x00000000e3e00000)
 ParOldGen       total 91136K, used 21575K [0x0000000081c00000, 0x0000000087500000, 0x00000000d5f00000)
  object space 91136K, 23% used [0x0000000081c00000,0x0000000083111d28,0x0000000087500000)
 Metaspace       used 43032K, capacity 44960K, committed 45056K, reserved 1087488K
  class space    used 5742K, capacity 6103K, committed 6144K, reserved 1048576K
}
Event: 115.183 GC heap before
{Heap before GC invocations=12 (full 2):
 PSYoungGen      total 162304K, used 158529K [0x00000000d5f00000, 0x00000000e3e00000, 0x0000000100000000)
  eden space 146432K, 100% used [0x00000000d5f00000,0x00000000dee00000,0x00000000dee00000)
  from space 15872K, 76% used [0x00000000dee00000,0x00000000df9d0550,0x00000000dfd80000)
  to   space 16384K, 0% used [0x00000000e2e00000,0x00000000e2e00000,0x00000000e3e00000)
 ParOldGen       total 91136K, used 21575K [0x0000000081c00000, 0x0000000087500000, 0x00000000d5f00000)
  object space 91136K, 23% used [0x0000000081c00000,0x0000000083111d28,0x0000000087500000)
 Metaspace       used 55075K, capacity 57486K, committed 57728K, reserved 1099776K
  class space    used 7305K, capacity 7764K, committed 7808K, reserved 1048576K
Event: 115.219 GC heap after
Heap after GC invocations=12 (full 2):
 PSYoungGen      total 207872K, used 16382K [0x00000000d5f00000, 0x00000000e4380000, 0x0000000100000000)
  eden space 191488K, 0% used [0x00000000d5f00000,0x00000000d5f00000,0x00000000e1a00000)
  from space 16384K, 99% used [0x00000000e2e00000,0x00000000e3dffb50,0x00000000e3e00000)
  to   space 20480K, 0% used [0x00000000e1a00000,0x00000000e1a00000,0x00000000e2e00000)
 ParOldGen       total 91136K, used 26902K [0x0000000081c00000, 0x0000000087500000, 0x00000000d5f00000)
  object space 91136K, 29% used [0x0000000081c00000,0x0000000083645b60,0x0000000087500000)
 Metaspace       used 55075K, capacity 57486K, committed 57728K, reserved 1099776K
  class space    used 7305K, capacity 7764K, committed 7808K, reserved 1048576K
}
Event: 116.024 GC heap before
{Heap before GC invocations=13 (full 2):
 PSYoungGen      total 207872K, used 48028K [0x00000000d5f00000, 0x00000000e4380000, 0x0000000100000000)
  eden space 191488K, 16% used [0x00000000d5f00000,0x00000000d7de7590,0x00000000e1a00000)
  from space 16384K, 99% used [0x00000000e2e00000,0x00000000e3dffb50,0x00000000e3e00000)
  to   space 20480K, 0% used [0x00000000e1a00000,0x00000000e1a00000,0x00000000e2e00000)
 ParOldGen       total 91136K, used 26902K [0x0000000081c00000, 0x0000000087500000, 0x00000000d5f00000)
  object space 91136K, 29% used [0x0000000081c00000,0x0000000083645b60,0x0000000087500000)
 Metaspace       used 56447K, capacity 59056K, committed 59096K, reserved 1099776K
  class space    used 7448K, capacity 7929K, committed 7936K, reserved 1048576K
Event: 116.060 GC heap after
Heap after GC invocations=13 (full 2):
 PSYoungGen      total 211968K, used 10914K [0x00000000d5f00000, 0x00000000e9380000, 0x0000000100000000)
  eden space 191488K, 0% used [0x00000000d5f00000,0x00000000d5f00000,0x00000000e1a00000)
  from space 20480K, 53% used [0x00000000e1a00000,0x00000000e24a8860,0x00000000e2e00000)
  to   space 19456K, 0% used [0x00000000e8080000,0x00000000e8080000,0x00000000e9380000)
 ParOldGen       total 91136K, used 33459K [0x0000000081c00000, 0x0000000087500000, 0x00000000d5f00000)
  object space 91136K, 36% used [0x0000000081c00000,0x0000000083cacf30,0x0000000087500000)
 Metaspace       used 56447K, capacity 59056K, committed 59096K, reserved 1099776K
  class space    used 7448K, capacity 7929K, committed 7936K, reserved 1048576K
}
Event: 116.060 GC heap before
{Heap before GC invocations=14 (full 3):
 PSYoungGen      total 211968K, used 10914K [0x00000000d5f00000, 0x00000000e9380000, 0x0000000100000000)
  eden space 191488K, 0% used [0x00000000d5f00000,0x00000000d5f00000,0x00000000e1a00000)
  from space 20480K, 53% used [0x00000000e1a00000,0x00000000e24a8860,0x00000000e2e00000)
  to   space 19456K, 0% used [0x00000000e8080000,0x00000000e8080000,0x00000000e9380000)
 ParOldGen       total 91136K, used 33459K [0x0000000081c00000, 0x0000000087500000, 0x00000000d5f00000)
  object space 91136K, 36% used [0x0000000081c00000,0x0000000083cacf30,0x0000000087500000)
 Metaspace       used 56447K, capacity 59056K, committed 59096K, reserved 1099776K
  class space    used 7448K, capacity 7929K, committed 7936K, reserved 1048576K
Event: 116.339 GC heap after
Heap after GC invocations=14 (full 3):
 PSYoungGen      total 211968K, used 0K [0x00000000d5f00000, 0x00000000e9380000, 0x0000000100000000)
  eden space 191488K, 0% used [0x00000000d5f00000,0x00000000d5f00000,0x00000000e1a00000)
  from space 20480K, 0% used [0x00000000e1a00000,0x00000000e1a00000,0x00000000e2e00000)
  to   space 19456K, 0% used [0x00000000e8080000,0x00000000e8080000,0x00000000e9380000)
 ParOldGen       total 120832K, used 36297K [0x0000000081c00000, 0x0000000089200000, 0x00000000d5f00000)
  object space 120832K, 30% used [0x0000000081c00000,0x0000000083f72708,0x0000000089200000)
 Metaspace       used 56447K, capacity 59056K, committed 59096K, reserved 1099776K
  class space    used 7448K, capacity 7929K, committed 7936K, reserved 1048576K
}

