# JRE version: Java(TM) SE Runtime Environment (8.0_191-b12) (build 1.8.0_191-b12)
# Java VM: Java HotSpot(TM) 64-Bit Server VM (25.191-b12 mixed mode windows-amd64 compressed oops)
Heap:
 PSYoungGen      total 209920K, used 176047K [0x00000000d5f00000, 0x00000000e3d00000, 0x0000000100000000)
  eden space 197632K, 89% used [0x00000000d5f00000,0x00000000e0aebf50,0x00000000e2000000)
  from space 12288K, 0% used [0x00000000e3100000,0x00000000e3100000,0x00000000e3d00000)
  to   space 14848K, 0% used [0x00000000e2000000,0x00000000e2000000,0x00000000e2e80000)
 ParOldGen       total 75264K, used 39355K [0x0000000081c00000, 0x0000000086580000, 0x00000000d5f00000)
  object space 75264K, 52% used [0x0000000081c00000,0x000000008426ecd0,0x0000000086580000)
 Metaspace       used 59913K, capacity 62900K, committed 63064K, reserved 1103872K
  class space    used 7947K, capacity 8485K, committed 8576K, reserved 1048576K
GC Heap History (10 events):
Event: 67.208 GC heap before
{Heap before GC invocations=13 (full 2):
 PSYoungGen      total 99840K, used 2202K [0x00000000d5f00000, 0x00000000df800000, 0x0000000100000000)
  eden space 89600K, 0% used [0x00000000d5f00000,0x00000000d5f00000,0x00000000db680000)
  from space 10240K, 21% used [0x00000000db680000,0x00000000db8a6838,0x00000000dc080000)
  to   space 10752K, 0% used [0x00000000ded80000,0x00000000ded80000,0x00000000df800000)
 ParOldGen       total 52736K, used 23274K [0x0000000081c00000, 0x0000000084f80000, 0x00000000d5f00000)
  object space 52736K, 44% used [0x0000000081c00000,0x00000000832baaa8,0x0000000084f80000)
 Metaspace       used 33977K, capacity 35396K, committed 35456K, reserved 1079296K
  class space    used 4434K, capacity 4719K, committed 4736K, reserved 1048576K
Event: 67.336 GC heap after
Heap after GC invocations=13 (full 2):
 PSYoungGen      total 99840K, used 0K [0x00000000d5f00000, 0x00000000df800000, 0x0000000100000000)
  eden space 89600K, 0% used [0x00000000d5f00000,0x00000000d5f00000,0x00000000db680000)
  from space 10240K, 0% used [0x00000000db680000,0x00000000db680000,0x00000000dc080000)
  to   space 10752K, 0% used [0x00000000ded80000,0x00000000ded80000,0x00000000df800000)
 ParOldGen       total 75264K, used 20418K [0x0000000081c00000, 0x0000000086580000, 0x00000000d5f00000)
  object space 75264K, 27% used [0x0000000081c00000,0x0000000082ff0a80,0x0000000086580000)
 Metaspace       used 33977K, capacity 35396K, committed 35456K, reserved 1079296K
  class space    used 4434K, capacity 4719K, committed 4736K, reserved 1048576K
}
Event: 69.568 GC heap before
{Heap before GC invocations=14 (full 2):
 PSYoungGen      total 99840K, used 89600K [0x00000000d5f00000, 0x00000000df800000, 0x0000000100000000)
  eden space 89600K, 100% used [0x00000000d5f00000,0x00000000db680000,0x00000000db680000)
  from space 10240K, 0% used [0x00000000db680000,0x00000000db680000,0x00000000dc080000)
  to   space 10752K, 0% used [0x00000000ded80000,0x00000000ded80000,0x00000000df800000)
 ParOldGen       total 75264K, used 20418K [0x0000000081c00000, 0x0000000086580000, 0x00000000d5f00000)
  object space 75264K, 27% used [0x0000000081c00000,0x0000000082ff0a80,0x0000000086580000)
 Metaspace       used 37407K, capacity 39194K, committed 39296K, reserved 1083392K
  class space    used 4878K, capacity 5222K, committed 5248K, reserved 1048576K
Event: 69.584 GC heap after
Heap after GC invocations=14 (full 2):
 PSYoungGen      total 143872K, used 5645K [0x00000000d5f00000, 0x00000000df680000, 0x0000000100000000)
  eden space 134656K, 0% used [0x00000000d5f00000,0x00000000d5f00000,0x00000000de280000)
  from space 9216K, 61% used [0x00000000ded80000,0x00000000df3036a8,0x00000000df680000)
  to   space 10240K, 0% used [0x00000000de280000,0x00000000de280000,0x00000000dec80000)
 ParOldGen       total 75264K, used 20426K [0x0000000081c00000, 0x0000000086580000, 0x00000000d5f00000)
  object space 75264K, 27% used [0x0000000081c00000,0x0000000082ff2a80,0x0000000086580000)
 Metaspace       used 37407K, capacity 39194K, committed 39296K, reserved 1083392K
  class space    used 4878K, capacity 5222K, committed 5248K, reserved 1048576K
}
Event: 74.623 GC heap before
{Heap before GC invocations=15 (full 2):
 PSYoungGen      total 143872K, used 140301K [0x00000000d5f00000, 0x00000000df680000, 0x0000000100000000)
  eden space 134656K, 100% used [0x00000000d5f00000,0x00000000de280000,0x00000000de280000)
  from space 9216K, 61% used [0x00000000ded80000,0x00000000df3036a8,0x00000000df680000)
  to   space 10240K, 0% used [0x00000000de280000,0x00000000de280000,0x00000000dec80000)
 ParOldGen       total 75264K, used 20426K [0x0000000081c00000, 0x0000000086580000, 0x00000000d5f00000)
  object space 75264K, 27% used [0x0000000081c00000,0x0000000082ff2a80,0x0000000086580000)
 Metaspace       used 49992K, capacity 51986K, committed 52096K, reserved 1093632K
  class space    used 6649K, capacity 7038K, committed 7040K, reserved 1048576K
Event: 74.653 GC heap after
Heap after GC invocations=15 (full 2):
 PSYoungGen      total 144896K, used 10215K [0x00000000d5f00000, 0x00000000e3f00000, 0x0000000100000000)
  eden space 134656K, 0% used [0x00000000d5f00000,0x00000000d5f00000,0x00000000de280000)
  from space 10240K, 99% used [0x00000000de280000,0x00000000dec79ca8,0x00000000dec80000)
  to   space 14336K, 0% used [0x00000000e3100000,0x00000000e3100000,0x00000000e3f00000)
 ParOldGen       total 75264K, used 29014K [0x0000000081c00000, 0x0000000086580000, 0x00000000d5f00000)
  object space 75264K, 38% used [0x0000000081c00000,0x0000000083855a70,0x0000000086580000)
 Metaspace       used 49992K, capacity 51986K, committed 52096K, reserved 1093632K
  class space    used 6649K, capacity 7038K, committed 7040K, reserved 1048576K
}
Event: 85.541 GC heap before
{Heap before GC invocations=16 (full 2):
 PSYoungGen      total 144896K, used 100321K [0x00000000d5f00000, 0x00000000e3f00000, 0x0000000100000000)
  eden space 134656K, 66% used [0x00000000d5f00000,0x00000000db6fe7c0,0x00000000de280000)
  from space 10240K, 99% used [0x00000000de280000,0x00000000dec79ca8,0x00000000dec80000)
  to   space 14336K, 0% used [0x00000000e3100000,0x00000000e3100000,0x00000000e3f00000)
 ParOldGen       total 75264K, used 29014K [0x0000000081c00000, 0x0000000086580000, 0x00000000d5f00000)
  object space 75264K, 38% used [0x0000000081c00000,0x0000000083855a70,0x0000000086580000)
 Metaspace       used 56449K, capacity 59040K, committed 59096K, reserved 1099776K
  class space    used 7445K, capacity 7929K, committed 7936K, reserved 1048576K
Event: 85.577 GC heap after
Heap after GC invocations=16 (full 2):
 PSYoungGen      total 209920K, used 10899K [0x00000000d5f00000, 0x00000000e3d00000, 0x0000000100000000)
  eden space 197632K, 0% used [0x00000000d5f00000,0x00000000d5f00000,0x00000000e2000000)
  from space 12288K, 88% used [0x00000000e3100000,0x00000000e3ba4d18,0x00000000e3d00000)
  to   space 14848K, 0% used [0x00000000e2000000,0x00000000e2000000,0x00000000e2e80000)
 ParOldGen       total 75264K, used 34688K [0x0000000081c00000, 0x0000000086580000, 0x00000000d5f00000)
  object space 75264K, 46% used [0x0000000081c00000,0x0000000083de0108,0x0000000086580000)
 Metaspace       used 56449K, capacity 59040K, committed 59096K, reserved 1099776K
  class space    used 7445K, capacity 7929K, committed 7936K, reserved 1048576K
}
Event: 85.577 GC heap before
{Heap before GC invocations=17 (full 3):
 PSYoungGen      total 209920K, used 10899K [0x00000000d5f00000, 0x00000000e3d00000, 0x0000000100000000)
  eden space 197632K, 0% used [0x00000000d5f00000,0x00000000d5f00000,0x00000000e2000000)
  from space 12288K, 88% used [0x00000000e3100000,0x00000000e3ba4d18,0x00000000e3d00000)
  to   space 14848K, 0% used [0x00000000e2000000,0x00000000e2000000,0x00000000e2e80000)
 ParOldGen       total 75264K, used 34688K [0x0000000081c00000, 0x0000000086580000, 0x00000000d5f00000)
  object space 75264K, 46% used [0x0000000081c00000,0x0000000083de0108,0x0000000086580000)
 Metaspace       used 56449K, capacity 59040K, committed 59096K, reserved 1099776K
  class space    used 7445K, capacity 7929K, committed 7936K, reserved 1048576K
Event: 86.036 GC heap after
Heap after GC invocations=17 (full 3):
 PSYoungGen      total 209920K, used 0K [0x00000000d5f00000, 0x00000000e3d00000, 0x0000000100000000)
  eden space 197632K, 0% used [0x00000000d5f00000,0x00000000d5f00000,0x00000000e2000000)
  from space 12288K, 0% used [0x00000000e3100000,0x00000000e3100000,0x00000000e3d00000)
  to   space 14848K, 0% used [0x00000000e2000000,0x00000000e2000000,0x00000000e2e80000)
 ParOldGen       total 75264K, used 39355K [0x0000000081c00000, 0x0000000086580000, 0x00000000d5f00000)
  object space 75264K, 52% used [0x0000000081c00000,0x000000008426ecd0,0x0000000086580000)
 Metaspace       used 56449K, capacity 59040K, committed 59096K, reserved 1099776K
  class space    used 7445K, capacity 7929K, committed 7936K, reserved 1048576K
}

